Start testing: Sep 16 10:24 IST
----------------------------------------------------------
1/1 Testing: AllTests
1/1 Test: AllTests
Command: "/home/killi-pt7716/Desktop/malloc/freelist/build/testing"
Directory: /home/killi-pt7716/Desktop/malloc/freelist/build
"AllTests" start time: Sep 16 10:24 IST
Output:
----------------------------------------------------------
[==========] Running 5 tests from 1 test suite.
[----------] Global test environment set-up.
[----------] 5 tests from AllocatorTest
[ RUN      ] AllocatorTest.LargeAllocation
[       OK ] AllocatorTest.LargeAllocation (0 ms)
[ RUN      ] AllocatorTest.ManySmallAllocations
[       OK ] AllocatorTest.ManySmallAllocations (5 ms)
[ RUN      ] AllocatorTest.MemoryFragmentationAndCoalescing
[       OK ] AllocatorTest.MemoryFragmentationAndCoalescing (0 ms)
[ RUN      ] AllocatorTest.AllocationAlignment
/home/killi-pt7716/Desktop/malloc/freelist/test/test.cpp:66: Failure
Expected equality of these values:
  (reinterpret_cast<uintptr_t>(ptr1) % 8)
    Which is: 2
  0
/home/killi-pt7716/Desktop/malloc/freelist/test/test.cpp:67: Failure
Expected equality of these values:
  (reinterpret_cast<uintptr_t>(ptr2) % 8)
    Which is: 7
  0
/home/killi-pt7716/Desktop/malloc/freelist/test/test.cpp:68: Failure
Expected equality of these values:
  (reinterpret_cast<uintptr_t>(ptr3) % 8)
    Which is: 5
  0
[  FAILED  ] AllocatorTest.AllocationAlignment (0 ms)
[ RUN      ] AllocatorTest.MemoryReuse
[       OK ] AllocatorTest.MemoryReuse (0 ms)
[----------] 5 tests from AllocatorTest (5 ms total)

[----------] Global test environment tear-down
[==========] 5 tests from 1 test suite ran. (5 ms total)
[  PASSED  ] 4 tests.
[  FAILED  ] 1 test, listed below:
[  FAILED  ] AllocatorTest.AllocationAlignment

 1 FAILED TEST
<end of output>
Test time =   0.01 sec
----------------------------------------------------------
Test Failed.
"AllTests" end time: Sep 16 10:24 IST
"AllTests" time elapsed: 00:00:00
----------------------------------------------------------

End testing: Sep 16 10:24 IST
