<?xml version="1.0" encoding="UTF-8"?>
<Site BuildName="(empty)"
	BuildStamp="20240918-0434-Experimental"
	Name="(empty)"
	Generator="ctest-3.28.3"
	CompilerName=""
	CompilerVersion=""
	OSName="Linux"
	Hostname="killi-pt7716"
	OSRelease="6.8.0-44-generic"
	OSVersion="#44-Ubuntu SMP PREEMPT_DYNAMIC Tue Aug 13 13:35:26 UTC 2024"
	OSPlatform="x86_64"
	Is64Bits="1"
	VendorString="GenuineIntel"
	VendorID="Intel Corporation"
	FamilyID="6"
	ModelID="141"
	ProcessorCacheSize="24576"
	NumberOfLogicalCPU="16"
	NumberOfPhysicalCPU="8"
	TotalVirtualMemory="4095"
	TotalPhysicalMemory="15711"
	LogicalProcessorsPerPhysical="2"
	ProcessorClockFrequency="1262.59"
	>
	<Testing>
		<StartDateTime>Sep 18 10:04 IST</StartDateTime>
		<StartTestTime>1726634042</StartTestTime>
		<TestList/>
		<EndDateTime>Sep 18 10:04 IST</EndDateTime>
		<EndTestTime>1726634042</EndTestTime>
		<ElapsedMinutes>0</ElapsedMinutes>
	</Testing>
</Site>
