<?xml version="1.0" encoding="UTF-8"?>
<Site BuildName="(empty)"
	BuildStamp="20240916-0453-Experimental"
	Name="(empty)"
	Generator="ctest-3.28.3"
	CompilerName=""
	CompilerVersion=""
	OSName="Linux"
	Hostname="killi-pt7716"
	OSRelease="6.8.0-44-generic"
	OSVersion="#44-Ubuntu SMP PREEMPT_DYNAMIC Tue Aug 13 13:35:26 UTC 2024"
	OSPlatform="x86_64"
	Is64Bits="1"
	VendorString="GenuineIntel"
	VendorID="Intel Corporation"
	FamilyID="6"
	ModelID="141"
	ProcessorCacheSize="24576"
	NumberOfLogicalCPU="16"
	NumberOfPhysicalCPU="8"
	TotalVirtualMemory="4095"
	TotalPhysicalMemory="15711"
	LogicalProcessorsPerPhysical="2"
	ProcessorClockFrequency="1452.54"
	>
	<Testing>
		<StartDateTime>Sep 16 10:24 IST</StartDateTime>
		<StartTestTime>1726462478</StartTestTime>
		<TestList>
			<Test>./AllTests</Test>
		</TestList>
		<Test Status="failed">
			<Name>AllTests</Name>
			<Path>.</Path>
			<FullName>./AllTests</FullName>
			<FullCommandLine>/home/killi-pt7716/Desktop/malloc/freelist/build/testing</FullCommandLine>
			<Results>
				<NamedMeasurement type="text/string" name="Exit Code">
					<Value>Failed</Value>
				</NamedMeasurement>
				<NamedMeasurement type="text/string" name="Exit Value">
					<Value>1</Value>
				</NamedMeasurement>
				<NamedMeasurement type="numeric/double" name="Execution Time">
					<Value>0.00991404</Value>
				</NamedMeasurement>
				<NamedMeasurement type="numeric/double" name="Processors">
					<Value>1</Value>
				</NamedMeasurement>
				<NamedMeasurement type="text/string" name="Completion Status">
					<Value>Completed</Value>
				</NamedMeasurement>
				<NamedMeasurement type="text/string" name="Command Line">
					<Value>/home/killi-pt7716/Desktop/malloc/freelist/build/testing</Value>
				</NamedMeasurement>
				<NamedMeasurement type="text/string" name="Environment">
					<Value>#CTEST_RESOURCE_GROUP_COUNT=</Value>
				</NamedMeasurement>
				<Measurement>
					<Value encoding="base64" compression="gzip">eJytVG1PwjAQ/t5fcV9MIJFNVMAsarIoGONrAOMHQkgdBzR27WxvKv/ebjMoBmFG7sOWa5+7e+6lNzhZyBC6qVJCTaEBhJYsTIyOoZ4rYFNB6LFBbSFDuJD6icviHtWrMFrFqBwWqZYmP8BLTkMpdcRJm747YwPoPtxCLsPlK++amyl+HgmtHLSQu6tNUKjsQWyr65zfcDXvxVzKLyu7LsIqPFQaG8NgrM28Y/g0q05uFqrxmeYSbeTqvTbkBtsSWX6RDaWY5h1i/kzH6D8LKUUtoVar3vTP0T6TTvwsPx35E4MohSU/61r+8aIkCZrNADpcyNQga78nGBGOAV9SLgXNQU+AZmgRXrlM0QYMoGJQKEKTGKRRxC0dp05PyIzotOJ+9SrswFGVZcwfZyKagbAB7Dt97x8sW1tmub+SZeufLI+2zPJgJctGztLNWCe8vG6flxqQMo8nn8wuphY3D3AOWzgttxaKlwWkicsqK7d5CLmpjfWbWxTfF9uvCw0MV95yIJfLfdjrFYU6LAy95fIVHnYh66lr2RNK/Rb8scKMOTef+H6712cfUnjN9Q==</Value>
				</Measurement>
			</Results>
		</Test>
		<EndDateTime>Sep 16 10:24 IST</EndDateTime>
		<EndTestTime>1726462478</EndTestTime>
		<ElapsedMinutes>0</ElapsedMinutes>
	</Testing>
</Site>
